[2025-05-07 09:02:57] production.INFO: file_put_contents(/home/dcidev/CascadeProjects/tic.ci/storage/framework/cache/data/43/a5/43a5bd1b137c81993f5ea01b0caa2797283accbe): Failed to open stream: No such file or directory  
[2025-05-07 09:04:09] production.INFO: file_put_contents(/home/dcidev/CascadeProjects/tic.ci/storage/framework/cache/data/41/8e/418e455da0a094d3f07841059b1d8c0a26391dda): Failed to open stream: No such file or directory  
[2025-05-07 09:06:55] production.INFO: file_put_contents(/home/dcidev/CascadeProjects/tic.ci/storage/framework/cache/data/7c/82/7c8242d59ea2981dfb3552ca3915ad48253469a4): Failed to open stream: No such file or directory  
[2025-05-07 09:33:02] production.ERROR: The /home/dcidev/CascadeProjects/tic.ci/bootstrap/cache directory must be present and writable. {"exception":"[object] (Exception(code: 0): The /home/dcidev/CascadeProjects/tic.ci/bootstrap/cache directory must be present and writable. at /home/dcidev/CascadeProjects/tic.ci/vendor/laravel/framework/src/Illuminate/Foundation/PackageManifest.php:178)
[stacktrace]
#0 /home/dcidev/CascadeProjects/tic.ci/vendor/laravel/framework/src/Illuminate/Foundation/PackageManifest.php(131): Illuminate\\Foundation\\PackageManifest->write()
#1 /home/dcidev/CascadeProjects/tic.ci/vendor/laravel/framework/src/Illuminate/Foundation/PackageManifest.php(107): Illuminate\\Foundation\\PackageManifest->build()
#2 /home/dcidev/CascadeProjects/tic.ci/vendor/laravel/framework/src/Illuminate/Foundation/PackageManifest.php(90): Illuminate\\Foundation\\PackageManifest->getManifest()
#3 /home/dcidev/CascadeProjects/tic.ci/vendor/laravel/framework/src/Illuminate/Foundation/PackageManifest.php(79): Illuminate\\Foundation\\PackageManifest->config()
#4 /home/dcidev/CascadeProjects/tic.ci/vendor/laravel/framework/src/Illuminate/Foundation/Bootstrap/RegisterFacades.php(26): Illuminate\\Foundation\\PackageManifest->aliases()
#5 /home/dcidev/CascadeProjects/tic.ci/vendor/laravel/framework/src/Illuminate/Foundation/Application.php(242): Illuminate\\Foundation\\Bootstrap\\RegisterFacades->bootstrap()
#6 /home/dcidev/CascadeProjects/tic.ci/vendor/laravel/framework/src/Illuminate/Foundation/Http/Kernel.php(176): Illuminate\\Foundation\\Application->bootstrapWith()
#7 /home/dcidev/CascadeProjects/tic.ci/vendor/laravel/framework/src/Illuminate/Foundation/Http/Kernel.php(160): Illuminate\\Foundation\\Http\\Kernel->bootstrap()
#8 /home/dcidev/CascadeProjects/tic.ci/vendor/laravel/framework/src/Illuminate/Foundation/Http/Kernel.php(134): Illuminate\\Foundation\\Http\\Kernel->sendRequestThroughRouter()
#9 /home/dcidev/CascadeProjects/tic.ci/public/index.php(55): Illuminate\\Foundation\\Http\\Kernel->handle()
#10 {main}
"} 
[2025-05-07 20:14:37] production.ERROR: Route [unlicensed] not defined. {"userId":1,"exception":"[object] (Symfony\\Component\\Routing\\Exception\\RouteNotFoundException(code: 0): Route [unlicensed] not defined. at /home/dcidev/CascadeProjects/tic.ci/vendor/laravel/framework/src/Illuminate/Routing/UrlGenerator.php:526)
[stacktrace]
#0 /home/dcidev/CascadeProjects/tic.ci/vendor/laravel/framework/src/Illuminate/Routing/Redirector.php(153): Illuminate\\Routing\\UrlGenerator->route()
#1 /home/dcidev/CascadeProjects/tic.ci/vendor/botble/platform/base/src/Http/Middleware/EnsureLicenseHasBeenActivated.php(50): Illuminate\\Routing\\Redirector->route()
#2 /home/dcidev/CascadeProjects/tic.ci/vendor/laravel/framework/src/Illuminate/Pipeline/Pipeline.php(208): Botble\\Base\\Http\\Middleware\\EnsureLicenseHasBeenActivated->handle()
#3 /home/dcidev/CascadeProjects/tic.ci/vendor/laravel/framework/src/Illuminate/Pipeline/Pipeline.php(126): Illuminate\\Pipeline\\Pipeline->Illuminate\\Pipeline\\{closure}()
#4 /home/dcidev/CascadeProjects/tic.ci/vendor/botble/platform/base/src/Http/Middleware/CoreMiddleware.php(16): Illuminate\\Pipeline\\Pipeline->then()
#5 /home/dcidev/CascadeProjects/tic.ci/vendor/laravel/framework/src/Illuminate/Pipeline/Pipeline.php(208): Botble\\Base\\Http\\Middleware\\CoreMiddleware->handle()
#6 /home/dcidev/CascadeProjects/tic.ci/platform/plugins/ecommerce/src/Http/Middleware/CaptureCouponMiddleware.php(21): Illuminate\\Pipeline\\Pipeline->Illuminate\\Pipeline\\{closure}()
#7 /home/dcidev/CascadeProjects/tic.ci/vendor/laravel/framework/src/Illuminate/Pipeline/Pipeline.php(208): Botble\\Ecommerce\\Http\\Middleware\\CaptureCouponMiddleware->handle()
#8 /home/dcidev/CascadeProjects/tic.ci/platform/plugins/ecommerce/src/Http/Middleware/CaptureFootprintsMiddleware.php(23): Illuminate\\Pipeline\\Pipeline->Illuminate\\Pipeline\\{closure}()
#9 /home/dcidev/CascadeProjects/tic.ci/vendor/laravel/framework/src/Illuminate/Pipeline/Pipeline.php(208): Botble\\Ecommerce\\Http\\Middleware\\CaptureFootprintsMiddleware->handle()
#10 /home/dcidev/CascadeProjects/tic.ci/vendor/botble/platform/base/src/Http/Middleware/HttpsProtocolMiddleware.php(16): Illuminate\\Pipeline\\Pipeline->Illuminate\\Pipeline\\{closure}()
#11 /home/dcidev/CascadeProjects/tic.ci/vendor/laravel/framework/src/Illuminate/Pipeline/Pipeline.php(208): Botble\\Base\\Http\\Middleware\\HttpsProtocolMiddleware->handle()
#12 /home/dcidev/CascadeProjects/tic.ci/vendor/botble/platform/base/src/Http/Middleware/AdminLocaleMiddleware.php(33): Illuminate\\Pipeline\\Pipeline->Illuminate\\Pipeline\\{closure}()
#13 /home/dcidev/CascadeProjects/tic.ci/vendor/laravel/framework/src/Illuminate/Pipeline/Pipeline.php(208): Botble\\Base\\Http\\Middleware\\AdminLocaleMiddleware->handle()
#14 /home/dcidev/CascadeProjects/tic.ci/vendor/botble/platform/base/src/Http/Middleware/LocaleMiddleware.php(23): Illuminate\\Pipeline\\Pipeline->Illuminate\\Pipeline\\{closure}()
#15 /home/dcidev/CascadeProjects/tic.ci/vendor/laravel/framework/src/Illuminate/Pipeline/Pipeline.php(208): Botble\\Base\\Http\\Middleware\\LocaleMiddleware->handle()
#16 /home/dcidev/CascadeProjects/tic.ci/vendor/botble/installer/src/Http/Middleware/RedirectIfNotInstalledMiddleware.php(17): Illuminate\\Pipeline\\Pipeline->Illuminate\\Pipeline\\{closure}()
#17 /home/dcidev/CascadeProjects/tic.ci/vendor/laravel/framework/src/Illuminate/Pipeline/Pipeline.php(208): Botble\\Installer\\Http\\Middleware\\RedirectIfNotInstalledMiddleware->handle()
#18 /home/dcidev/CascadeProjects/tic.ci/vendor/laravel/framework/src/Illuminate/Routing/Middleware/SubstituteBindings.php(50): Illuminate\\Pipeline\\Pipeline->Illuminate\\Pipeline\\{closure}()
#19 /home/dcidev/CascadeProjects/tic.ci/vendor/laravel/framework/src/Illuminate/Pipeline/Pipeline.php(208): Illuminate\\Routing\\Middleware\\SubstituteBindings->handle()
#20 /home/dcidev/CascadeProjects/tic.ci/vendor/botble/platform/acl/src/Http/Middleware/Authenticate.php(37): Illuminate\\Pipeline\\Pipeline->Illuminate\\Pipeline\\{closure}()
#21 /home/dcidev/CascadeProjects/tic.ci/vendor/laravel/framework/src/Illuminate/Pipeline/Pipeline.php(208): Botble\\ACL\\Http\\Middleware\\Authenticate->handle()
#22 /home/dcidev/CascadeProjects/tic.ci/vendor/botble/platform/support/src/Http/Middleware/BaseMiddleware.php(12): Illuminate\\Pipeline\\Pipeline->Illuminate\\Pipeline\\{closure}()
#23 /home/dcidev/CascadeProjects/tic.ci/vendor/laravel/framework/src/Illuminate/Pipeline/Pipeline.php(208): Botble\\Support\\Http\\Middleware\\BaseMiddleware->handle()
#24 /home/dcidev/CascadeProjects/tic.ci/vendor/laravel/framework/src/Illuminate/View/Middleware/ShareErrorsFromSession.php(48): Illuminate\\Pipeline\\Pipeline->Illuminate\\Pipeline\\{closure}()
#25 /home/dcidev/CascadeProjects/tic.ci/vendor/laravel/framework/src/Illuminate/Pipeline/Pipeline.php(208): Illuminate\\View\\Middleware\\ShareErrorsFromSession->handle()
#26 /home/dcidev/CascadeProjects/tic.ci/vendor/laravel/framework/src/Illuminate/Session/Middleware/StartSession.php(120): Illuminate\\Pipeline\\Pipeline->Illuminate\\Pipeline\\{closure}()
#27 /home/dcidev/CascadeProjects/tic.ci/vendor/laravel/framework/src/Illuminate/Session/Middleware/StartSession.php(63): Illuminate\\Session\\Middleware\\StartSession->handleStatefulRequest()
#28 /home/dcidev/CascadeProjects/tic.ci/vendor/laravel/framework/src/Illuminate/Pipeline/Pipeline.php(208): Illuminate\\Session\\Middleware\\StartSession->handle()
#29 /home/dcidev/CascadeProjects/tic.ci/vendor/laravel/framework/src/Illuminate/Cookie/Middleware/AddQueuedCookiesToResponse.php(36): Illuminate\\Pipeline\\Pipeline->Illuminate\\Pipeline\\{closure}()
#30 /home/dcidev/CascadeProjects/tic.ci/vendor/laravel/framework/src/Illuminate/Pipeline/Pipeline.php(208): Illuminate\\Cookie\\Middleware\\AddQueuedCookiesToResponse->handle()
#31 /home/dcidev/CascadeProjects/tic.ci/vendor/laravel/framework/src/Illuminate/Cookie/Middleware/EncryptCookies.php(74): Illuminate\\Pipeline\\Pipeline->Illuminate\\Pipeline\\{closure}()
#32 /home/dcidev/CascadeProjects/tic.ci/vendor/laravel/framework/src/Illuminate/Pipeline/Pipeline.php(208): Illuminate\\Cookie\\Middleware\\EncryptCookies->handle()
#33 /home/dcidev/CascadeProjects/tic.ci/vendor/laravel/framework/src/Illuminate/Pipeline/Pipeline.php(126): Illuminate\\Pipeline\\Pipeline->Illuminate\\Pipeline\\{closure}()
#34 /home/dcidev/CascadeProjects/tic.ci/vendor/laravel/framework/src/Illuminate/Routing/Router.php(807): Illuminate\\Pipeline\\Pipeline->then()
#35 /home/dcidev/CascadeProjects/tic.ci/vendor/laravel/framework/src/Illuminate/Routing/Router.php(786): Illuminate\\Routing\\Router->runRouteWithinStack()
#36 /home/dcidev/CascadeProjects/tic.ci/vendor/laravel/framework/src/Illuminate/Routing/Router.php(750): Illuminate\\Routing\\Router->runRoute()
#37 /home/dcidev/CascadeProjects/tic.ci/vendor/laravel/framework/src/Illuminate/Routing/Router.php(739): Illuminate\\Routing\\Router->dispatchToRoute()
#38 /home/dcidev/CascadeProjects/tic.ci/vendor/laravel/framework/src/Illuminate/Foundation/Http/Kernel.php(200): Illuminate\\Routing\\Router->dispatch()
#39 /home/dcidev/CascadeProjects/tic.ci/vendor/laravel/framework/src/Illuminate/Pipeline/Pipeline.php(169): Illuminate\\Foundation\\Http\\Kernel->Illuminate\\Foundation\\Http\\{closure}()
#40 /home/dcidev/CascadeProjects/tic.ci/vendor/botble/platform/js-validation/src/RemoteValidationMiddleware.php(43): Illuminate\\Pipeline\\Pipeline->Illuminate\\Pipeline\\{closure}()
#41 /home/dcidev/CascadeProjects/tic.ci/vendor/laravel/framework/src/Illuminate/Pipeline/Pipeline.php(208): Botble\\JsValidation\\RemoteValidationMiddleware->handle()
#42 /home/dcidev/CascadeProjects/tic.ci/vendor/laravel/framework/src/Illuminate/Foundation/Http/Middleware/TransformsRequest.php(21): Illuminate\\Pipeline\\Pipeline->Illuminate\\Pipeline\\{closure}()
#43 /home/dcidev/CascadeProjects/tic.ci/vendor/laravel/framework/src/Illuminate/Foundation/Http/Middleware/ConvertEmptyStringsToNull.php(31): Illuminate\\Foundation\\Http\\Middleware\\TransformsRequest->handle()
#44 /home/dcidev/CascadeProjects/tic.ci/vendor/laravel/framework/src/Illuminate/Pipeline/Pipeline.php(208): Illuminate\\Foundation\\Http\\Middleware\\ConvertEmptyStringsToNull->handle()
#45 /home/dcidev/CascadeProjects/tic.ci/vendor/laravel/framework/src/Illuminate/Foundation/Http/Middleware/TransformsRequest.php(21): Illuminate\\Pipeline\\Pipeline->Illuminate\\Pipeline\\{closure}()
#46 /home/dcidev/CascadeProjects/tic.ci/vendor/laravel/framework/src/Illuminate/Foundation/Http/Middleware/TrimStrings.php(51): Illuminate\\Foundation\\Http\\Middleware\\TransformsRequest->handle()
#47 /home/dcidev/CascadeProjects/tic.ci/vendor/laravel/framework/src/Illuminate/Pipeline/Pipeline.php(208): Illuminate\\Foundation\\Http\\Middleware\\TrimStrings->handle()
#48 /home/dcidev/CascadeProjects/tic.ci/vendor/laravel/framework/src/Illuminate/Http/Middleware/ValidatePostSize.php(27): Illuminate\\Pipeline\\Pipeline->Illuminate\\Pipeline\\{closure}()
#49 /home/dcidev/CascadeProjects/tic.ci/vendor/laravel/framework/src/Illuminate/Pipeline/Pipeline.php(208): Illuminate\\Http\\Middleware\\ValidatePostSize->handle()
#50 /home/dcidev/CascadeProjects/tic.ci/vendor/laravel/framework/src/Illuminate/Foundation/Http/Middleware/PreventRequestsDuringMaintenance.php(109): Illuminate\\Pipeline\\Pipeline->Illuminate\\Pipeline\\{closure}()
#51 /home/dcidev/CascadeProjects/tic.ci/vendor/laravel/framework/src/Illuminate/Pipeline/Pipeline.php(208): Illuminate\\Foundation\\Http\\Middleware\\PreventRequestsDuringMaintenance->handle()
#52 /home/dcidev/CascadeProjects/tic.ci/vendor/laravel/framework/src/Illuminate/Http/Middleware/HandleCors.php(48): Illuminate\\Pipeline\\Pipeline->Illuminate\\Pipeline\\{closure}()
#53 /home/dcidev/CascadeProjects/tic.ci/vendor/laravel/framework/src/Illuminate/Pipeline/Pipeline.php(208): Illuminate\\Http\\Middleware\\HandleCors->handle()
#54 /home/dcidev/CascadeProjects/tic.ci/vendor/laravel/framework/src/Illuminate/Http/Middleware/TrustProxies.php(58): Illuminate\\Pipeline\\Pipeline->Illuminate\\Pipeline\\{closure}()
#55 /home/dcidev/CascadeProjects/tic.ci/vendor/laravel/framework/src/Illuminate/Pipeline/Pipeline.php(208): Illuminate\\Http\\Middleware\\TrustProxies->handle()
#56 /home/dcidev/CascadeProjects/tic.ci/vendor/laravel/framework/src/Illuminate/Foundation/Http/Middleware/InvokeDeferredCallbacks.php(22): Illuminate\\Pipeline\\Pipeline->Illuminate\\Pipeline\\{closure}()
#57 /home/dcidev/CascadeProjects/tic.ci/vendor/laravel/framework/src/Illuminate/Pipeline/Pipeline.php(208): Illuminate\\Foundation\\Http\\Middleware\\InvokeDeferredCallbacks->handle()
#58 /home/dcidev/CascadeProjects/tic.ci/vendor/laravel/framework/src/Illuminate/Http/Middleware/ValidatePathEncoding.php(26): Illuminate\\Pipeline\\Pipeline->Illuminate\\Pipeline\\{closure}()
#59 /home/dcidev/CascadeProjects/tic.ci/vendor/laravel/framework/src/Illuminate/Pipeline/Pipeline.php(208): Illuminate\\Http\\Middleware\\ValidatePathEncoding->handle()
#60 /home/dcidev/CascadeProjects/tic.ci/vendor/laravel/framework/src/Illuminate/Pipeline/Pipeline.php(126): Illuminate\\Pipeline\\Pipeline->Illuminate\\Pipeline\\{closure}()
#61 /home/dcidev/CascadeProjects/tic.ci/vendor/laravel/framework/src/Illuminate/Foundation/Http/Kernel.php(175): Illuminate\\Pipeline\\Pipeline->then()
#62 /home/dcidev/CascadeProjects/tic.ci/vendor/laravel/framework/src/Illuminate/Foundation/Http/Kernel.php(144): Illuminate\\Foundation\\Http\\Kernel->sendRequestThroughRouter()
#63 /home/dcidev/CascadeProjects/tic.ci/public/index.php(23): Illuminate\\Foundation\\Http\\Kernel->handle()
#64 {main}
"} 
[2025-05-07 20:15:35] production.ERROR: SQLSTATE[42S22]: Column not found: 1054 Unknown column 'user_type' in 'INSERT INTO' (Connection: mysql, SQL: insert into `audit_histories` (`user_agent`, `ip_address`, `module`, `action`, `user_id`, `user_type`, `actor_id`, `actor_type`, `reference_id`, `reference_name`, `type`, `updated_at`, `created_at`) values (Mozilla/5.0 (X11; Linux x86_64; rv:138.0) Gecko/20100101 Firefox/138.0, 127.0.0.1, to the system, logged in, 1, Botble\ACL\Models\User, 1, Botble\ACL\Models\User, 1, Boutique Officielle TICCI, info, 2025-05-07 20:15:35, 2025-05-07 20:15:35)) - /home/dcidev/CascadeProjects/tic.ci/vendor/laravel/framework/src/Illuminate/Database/Connection.php:822  
[2025-05-07 20:16:39] production.ERROR: SQLSTATE[42S22]: Column not found: 1054 Unknown column 'user_type' in 'INSERT INTO' (Connection: mysql, SQL: insert into `audit_histories` (`user_agent`, `ip_address`, `module`, `action`, `user_id`, `user_type`, `actor_id`, `actor_type`, `reference_id`, `reference_name`, `type`, `updated_at`, `created_at`) values (Mozilla/5.0 (X11; Linux x86_64; rv:138.0) Gecko/20100101 Firefox/138.0, 127.0.0.1, to the system, logged in, 1, Botble\ACL\Models\User, 1, Botble\ACL\Models\User, 1, Boutique Officielle TICCI, info, 2025-05-07 20:16:39, 2025-05-07 20:16:39)) - /home/dcidev/CascadeProjects/tic.ci/vendor/laravel/framework/src/Illuminate/Database/Connection.php:822  
