[2025-05-08 08:52:56] production.ERROR: SQLSTATE[42S22]: Column not found: 1054 Unknown column 'user_type' in 'INSERT INTO' (Connection: mysql, SQL: insert into `audit_histories` (`user_agent`, `ip_address`, `module`, `action`, `user_id`, `user_type`, `actor_id`, `actor_type`, `reference_id`, `reference_name`, `type`, `updated_at`, `created_at`) values (Mozilla/5.0 (X11; Linux x86_64; rv:138.0) Gecko/20100101 Firefox/138.0, 127.0.0.1, to the system, logged in, 1, Botble\ACL\Models\User, 1, Botble\ACL\Models\User, 1, Boutique Officielle TICCI, info, 2025-05-08 08:52:56, 2025-05-08 08:52:56)) - /home/dcidev/CascadeProjects/tic.ci/vendor/laravel/framework/src/Illuminate/Database/Connection.php:822  
[2025-05-08 08:52:56] production.ERROR: Route [unlicensed] not defined. {"userId":1,"exception":"[object] (Symfony\\Component\\Routing\\Exception\\RouteNotFoundException(code: 0): Route [unlicensed] not defined. at /home/dcidev/CascadeProjects/tic.ci/vendor/laravel/framework/src/Illuminate/Routing/UrlGenerator.php:526)
[stacktrace]
#0 /home/dcidev/CascadeProjects/tic.ci/vendor/laravel/framework/src/Illuminate/Routing/Redirector.php(153): Illuminate\\Routing\\UrlGenerator->route()
#1 /home/dcidev/CascadeProjects/tic.ci/vendor/botble/platform/base/src/Http/Middleware/EnsureLicenseHasBeenActivated.php(50): Illuminate\\Routing\\Redirector->route()
#2 /home/dcidev/CascadeProjects/tic.ci/vendor/laravel/framework/src/Illuminate/Pipeline/Pipeline.php(208): Botble\\Base\\Http\\Middleware\\EnsureLicenseHasBeenActivated->handle()
#3 /home/dcidev/CascadeProjects/tic.ci/vendor/laravel/framework/src/Illuminate/Pipeline/Pipeline.php(126): Illuminate\\Pipeline\\Pipeline->Illuminate\\Pipeline\\{closure}()
#4 /home/dcidev/CascadeProjects/tic.ci/vendor/botble/platform/base/src/Http/Middleware/CoreMiddleware.php(16): Illuminate\\Pipeline\\Pipeline->then()
#5 /home/dcidev/CascadeProjects/tic.ci/vendor/laravel/framework/src/Illuminate/Pipeline/Pipeline.php(208): Botble\\Base\\Http\\Middleware\\CoreMiddleware->handle()
#6 /home/dcidev/CascadeProjects/tic.ci/platform/plugins/ecommerce/src/Http/Middleware/CaptureCouponMiddleware.php(21): Illuminate\\Pipeline\\Pipeline->Illuminate\\Pipeline\\{closure}()
#7 /home/dcidev/CascadeProjects/tic.ci/vendor/laravel/framework/src/Illuminate/Pipeline/Pipeline.php(208): Botble\\Ecommerce\\Http\\Middleware\\CaptureCouponMiddleware->handle()
#8 /home/dcidev/CascadeProjects/tic.ci/platform/plugins/ecommerce/src/Http/Middleware/CaptureFootprintsMiddleware.php(23): Illuminate\\Pipeline\\Pipeline->Illuminate\\Pipeline\\{closure}()
#9 /home/dcidev/CascadeProjects/tic.ci/vendor/laravel/framework/src/Illuminate/Pipeline/Pipeline.php(208): Botble\\Ecommerce\\Http\\Middleware\\CaptureFootprintsMiddleware->handle()
#10 /home/dcidev/CascadeProjects/tic.ci/vendor/botble/platform/base/src/Http/Middleware/HttpsProtocolMiddleware.php(16): Illuminate\\Pipeline\\Pipeline->Illuminate\\Pipeline\\{closure}()
#11 /home/dcidev/CascadeProjects/tic.ci/vendor/laravel/framework/src/Illuminate/Pipeline/Pipeline.php(208): Botble\\Base\\Http\\Middleware\\HttpsProtocolMiddleware->handle()
#12 /home/dcidev/CascadeProjects/tic.ci/vendor/botble/platform/base/src/Http/Middleware/AdminLocaleMiddleware.php(33): Illuminate\\Pipeline\\Pipeline->Illuminate\\Pipeline\\{closure}()
#13 /home/dcidev/CascadeProjects/tic.ci/vendor/laravel/framework/src/Illuminate/Pipeline/Pipeline.php(208): Botble\\Base\\Http\\Middleware\\AdminLocaleMiddleware->handle()
#14 /home/dcidev/CascadeProjects/tic.ci/vendor/botble/platform/base/src/Http/Middleware/LocaleMiddleware.php(23): Illuminate\\Pipeline\\Pipeline->Illuminate\\Pipeline\\{closure}()
#15 /home/dcidev/CascadeProjects/tic.ci/vendor/laravel/framework/src/Illuminate/Pipeline/Pipeline.php(208): Botble\\Base\\Http\\Middleware\\LocaleMiddleware->handle()
#16 /home/dcidev/CascadeProjects/tic.ci/vendor/botble/installer/src/Http/Middleware/RedirectIfNotInstalledMiddleware.php(17): Illuminate\\Pipeline\\Pipeline->Illuminate\\Pipeline\\{closure}()
#17 /home/dcidev/CascadeProjects/tic.ci/vendor/laravel/framework/src/Illuminate/Pipeline/Pipeline.php(208): Botble\\Installer\\Http\\Middleware\\RedirectIfNotInstalledMiddleware->handle()
#18 /home/dcidev/CascadeProjects/tic.ci/vendor/laravel/framework/src/Illuminate/Routing/Middleware/SubstituteBindings.php(50): Illuminate\\Pipeline\\Pipeline->Illuminate\\Pipeline\\{closure}()
#19 /home/dcidev/CascadeProjects/tic.ci/vendor/laravel/framework/src/Illuminate/Pipeline/Pipeline.php(208): Illuminate\\Routing\\Middleware\\SubstituteBindings->handle()
#20 /home/dcidev/CascadeProjects/tic.ci/vendor/botble/platform/acl/src/Http/Middleware/Authenticate.php(37): Illuminate\\Pipeline\\Pipeline->Illuminate\\Pipeline\\{closure}()
#21 /home/dcidev/CascadeProjects/tic.ci/vendor/laravel/framework/src/Illuminate/Pipeline/Pipeline.php(208): Botble\\ACL\\Http\\Middleware\\Authenticate->handle()
#22 /home/dcidev/CascadeProjects/tic.ci/vendor/botble/platform/support/src/Http/Middleware/BaseMiddleware.php(12): Illuminate\\Pipeline\\Pipeline->Illuminate\\Pipeline\\{closure}()
#23 /home/dcidev/CascadeProjects/tic.ci/vendor/laravel/framework/src/Illuminate/Pipeline/Pipeline.php(208): Botble\\Support\\Http\\Middleware\\BaseMiddleware->handle()
#24 /home/dcidev/CascadeProjects/tic.ci/vendor/laravel/framework/src/Illuminate/View/Middleware/ShareErrorsFromSession.php(48): Illuminate\\Pipeline\\Pipeline->Illuminate\\Pipeline\\{closure}()
#25 /home/dcidev/CascadeProjects/tic.ci/vendor/laravel/framework/src/Illuminate/Pipeline/Pipeline.php(208): Illuminate\\View\\Middleware\\ShareErrorsFromSession->handle()
#26 /home/dcidev/CascadeProjects/tic.ci/vendor/laravel/framework/src/Illuminate/Session/Middleware/StartSession.php(120): Illuminate\\Pipeline\\Pipeline->Illuminate\\Pipeline\\{closure}()
#27 /home/dcidev/CascadeProjects/tic.ci/vendor/laravel/framework/src/Illuminate/Session/Middleware/StartSession.php(63): Illuminate\\Session\\Middleware\\StartSession->handleStatefulRequest()
#28 /home/dcidev/CascadeProjects/tic.ci/vendor/laravel/framework/src/Illuminate/Pipeline/Pipeline.php(208): Illuminate\\Session\\Middleware\\StartSession->handle()
#29 /home/dcidev/CascadeProjects/tic.ci/vendor/laravel/framework/src/Illuminate/Cookie/Middleware/AddQueuedCookiesToResponse.php(36): Illuminate\\Pipeline\\Pipeline->Illuminate\\Pipeline\\{closure}()
#30 /home/dcidev/CascadeProjects/tic.ci/vendor/laravel/framework/src/Illuminate/Pipeline/Pipeline.php(208): Illuminate\\Cookie\\Middleware\\AddQueuedCookiesToResponse->handle()
#31 /home/dcidev/CascadeProjects/tic.ci/vendor/laravel/framework/src/Illuminate/Cookie/Middleware/EncryptCookies.php(74): Illuminate\\Pipeline\\Pipeline->Illuminate\\Pipeline\\{closure}()
#32 /home/dcidev/CascadeProjects/tic.ci/vendor/laravel/framework/src/Illuminate/Pipeline/Pipeline.php(208): Illuminate\\Cookie\\Middleware\\EncryptCookies->handle()
#33 /home/dcidev/CascadeProjects/tic.ci/vendor/laravel/framework/src/Illuminate/Pipeline/Pipeline.php(126): Illuminate\\Pipeline\\Pipeline->Illuminate\\Pipeline\\{closure}()
#34 /home/dcidev/CascadeProjects/tic.ci/vendor/laravel/framework/src/Illuminate/Routing/Router.php(807): Illuminate\\Pipeline\\Pipeline->then()
#35 /home/dcidev/CascadeProjects/tic.ci/vendor/laravel/framework/src/Illuminate/Routing/Router.php(786): Illuminate\\Routing\\Router->runRouteWithinStack()
#36 /home/dcidev/CascadeProjects/tic.ci/vendor/laravel/framework/src/Illuminate/Routing/Router.php(750): Illuminate\\Routing\\Router->runRoute()
#37 /home/dcidev/CascadeProjects/tic.ci/vendor/laravel/framework/src/Illuminate/Routing/Router.php(739): Illuminate\\Routing\\Router->dispatchToRoute()
#38 /home/dcidev/CascadeProjects/tic.ci/vendor/laravel/framework/src/Illuminate/Foundation/Http/Kernel.php(200): Illuminate\\Routing\\Router->dispatch()
#39 /home/dcidev/CascadeProjects/tic.ci/vendor/laravel/framework/src/Illuminate/Pipeline/Pipeline.php(169): Illuminate\\Foundation\\Http\\Kernel->Illuminate\\Foundation\\Http\\{closure}()
#40 /home/dcidev/CascadeProjects/tic.ci/vendor/botble/platform/js-validation/src/RemoteValidationMiddleware.php(43): Illuminate\\Pipeline\\Pipeline->Illuminate\\Pipeline\\{closure}()
#41 /home/dcidev/CascadeProjects/tic.ci/vendor/laravel/framework/src/Illuminate/Pipeline/Pipeline.php(208): Botble\\JsValidation\\RemoteValidationMiddleware->handle()
#42 /home/dcidev/CascadeProjects/tic.ci/vendor/laravel/framework/src/Illuminate/Foundation/Http/Middleware/TransformsRequest.php(21): Illuminate\\Pipeline\\Pipeline->Illuminate\\Pipeline\\{closure}()
#43 /home/dcidev/CascadeProjects/tic.ci/vendor/laravel/framework/src/Illuminate/Foundation/Http/Middleware/ConvertEmptyStringsToNull.php(31): Illuminate\\Foundation\\Http\\Middleware\\TransformsRequest->handle()
#44 /home/dcidev/CascadeProjects/tic.ci/vendor/laravel/framework/src/Illuminate/Pipeline/Pipeline.php(208): Illuminate\\Foundation\\Http\\Middleware\\ConvertEmptyStringsToNull->handle()
#45 /home/dcidev/CascadeProjects/tic.ci/vendor/laravel/framework/src/Illuminate/Foundation/Http/Middleware/TransformsRequest.php(21): Illuminate\\Pipeline\\Pipeline->Illuminate\\Pipeline\\{closure}()
#46 /home/dcidev/CascadeProjects/tic.ci/vendor/laravel/framework/src/Illuminate/Foundation/Http/Middleware/TrimStrings.php(51): Illuminate\\Foundation\\Http\\Middleware\\TransformsRequest->handle()
#47 /home/dcidev/CascadeProjects/tic.ci/vendor/laravel/framework/src/Illuminate/Pipeline/Pipeline.php(208): Illuminate\\Foundation\\Http\\Middleware\\TrimStrings->handle()
#48 /home/dcidev/CascadeProjects/tic.ci/vendor/laravel/framework/src/Illuminate/Http/Middleware/ValidatePostSize.php(27): Illuminate\\Pipeline\\Pipeline->Illuminate\\Pipeline\\{closure}()
#49 /home/dcidev/CascadeProjects/tic.ci/vendor/laravel/framework/src/Illuminate/Pipeline/Pipeline.php(208): Illuminate\\Http\\Middleware\\ValidatePostSize->handle()
#50 /home/dcidev/CascadeProjects/tic.ci/vendor/laravel/framework/src/Illuminate/Foundation/Http/Middleware/PreventRequestsDuringMaintenance.php(109): Illuminate\\Pipeline\\Pipeline->Illuminate\\Pipeline\\{closure}()
#51 /home/dcidev/CascadeProjects/tic.ci/vendor/laravel/framework/src/Illuminate/Pipeline/Pipeline.php(208): Illuminate\\Foundation\\Http\\Middleware\\PreventRequestsDuringMaintenance->handle()
#52 /home/dcidev/CascadeProjects/tic.ci/vendor/laravel/framework/src/Illuminate/Http/Middleware/HandleCors.php(48): Illuminate\\Pipeline\\Pipeline->Illuminate\\Pipeline\\{closure}()
#53 /home/dcidev/CascadeProjects/tic.ci/vendor/laravel/framework/src/Illuminate/Pipeline/Pipeline.php(208): Illuminate\\Http\\Middleware\\HandleCors->handle()
#54 /home/dcidev/CascadeProjects/tic.ci/vendor/laravel/framework/src/Illuminate/Http/Middleware/TrustProxies.php(58): Illuminate\\Pipeline\\Pipeline->Illuminate\\Pipeline\\{closure}()
#55 /home/dcidev/CascadeProjects/tic.ci/vendor/laravel/framework/src/Illuminate/Pipeline/Pipeline.php(208): Illuminate\\Http\\Middleware\\TrustProxies->handle()
#56 /home/dcidev/CascadeProjects/tic.ci/vendor/laravel/framework/src/Illuminate/Foundation/Http/Middleware/InvokeDeferredCallbacks.php(22): Illuminate\\Pipeline\\Pipeline->Illuminate\\Pipeline\\{closure}()
#57 /home/dcidev/CascadeProjects/tic.ci/vendor/laravel/framework/src/Illuminate/Pipeline/Pipeline.php(208): Illuminate\\Foundation\\Http\\Middleware\\InvokeDeferredCallbacks->handle()
#58 /home/dcidev/CascadeProjects/tic.ci/vendor/laravel/framework/src/Illuminate/Http/Middleware/ValidatePathEncoding.php(26): Illuminate\\Pipeline\\Pipeline->Illuminate\\Pipeline\\{closure}()
#59 /home/dcidev/CascadeProjects/tic.ci/vendor/laravel/framework/src/Illuminate/Pipeline/Pipeline.php(208): Illuminate\\Http\\Middleware\\ValidatePathEncoding->handle()
#60 /home/dcidev/CascadeProjects/tic.ci/vendor/laravel/framework/src/Illuminate/Pipeline/Pipeline.php(126): Illuminate\\Pipeline\\Pipeline->Illuminate\\Pipeline\\{closure}()
#61 /home/dcidev/CascadeProjects/tic.ci/vendor/laravel/framework/src/Illuminate/Foundation/Http/Kernel.php(175): Illuminate\\Pipeline\\Pipeline->then()
#62 /home/dcidev/CascadeProjects/tic.ci/vendor/laravel/framework/src/Illuminate/Foundation/Http/Kernel.php(144): Illuminate\\Foundation\\Http\\Kernel->sendRequestThroughRouter()
#63 /home/dcidev/CascadeProjects/tic.ci/public/index.php(23): Illuminate\\Foundation\\Http\\Kernel->handle()
#64 {main}
"} 
[2025-05-08 08:54:28] production.ERROR: SQLSTATE[42S22]: Column not found: 1054 Unknown column 'user_type' in 'INSERT INTO' (Connection: mysql, SQL: insert into `audit_histories` (`user_agent`, `ip_address`, `module`, `action`, `user_id`, `user_type`, `actor_id`, `actor_type`, `reference_id`, `reference_name`, `type`, `updated_at`, `created_at`) values (Mozilla/5.0 (X11; Linux x86_64; rv:138.0) Gecko/20100101 Firefox/138.0, 127.0.0.1, to the system, logged in, 1, Botble\ACL\Models\User, 1, Botble\ACL\Models\User, 1, Boutique Officielle TICCI, info, 2025-05-08 08:54:28, 2025-05-08 08:54:28)) - /home/dcidev/CascadeProjects/tic.ci/vendor/laravel/framework/src/Illuminate/Database/Connection.php:822  
[2025-05-08 08:54:49] production.ERROR: SQLSTATE[42S22]: Column not found: 1054 Unknown column 'user_type' in 'INSERT INTO' (Connection: mysql, SQL: insert into `audit_histories` (`user_agent`, `ip_address`, `module`, `action`, `user_id`, `user_type`, `actor_id`, `actor_type`, `reference_id`, `reference_name`, `type`, `updated_at`, `created_at`) values (Mozilla/5.0 (X11; Linux x86_64; rv:138.0) Gecko/20100101 Firefox/138.0, 127.0.0.1, to the system, logged in, 1, Botble\ACL\Models\User, 1, Botble\ACL\Models\User, 1, Boutique Officielle TICCI, info, 2025-05-08 08:54:49, 2025-05-08 08:54:49)) - /home/dcidev/CascadeProjects/tic.ci/vendor/laravel/framework/src/Illuminate/Database/Connection.php:822  
[2025-05-08 09:04:52] production.ERROR: finfo_file(/home/dcidev/CascadeProjects/tic.ci/storage/app/public/logo-sfw.png): Failed to open stream: No such file or directory {"userId":1,"exception":"[object] (ErrorException(code: 0): finfo_file(/home/dcidev/CascadeProjects/tic.ci/storage/app/public/logo-sfw.png): Failed to open stream: No such file or directory at /home/dcidev/CascadeProjects/tic.ci/vendor/laravel/framework/src/Illuminate/Filesystem/Filesystem.php:471)
[stacktrace]
#0 /home/dcidev/CascadeProjects/tic.ci/vendor/laravel/framework/src/Illuminate/Foundation/Bootstrap/HandleExceptions.php(256): Illuminate\\Foundation\\Bootstrap\\HandleExceptions->handleError()
#1 [internal function]: Illuminate\\Foundation\\Bootstrap\\HandleExceptions->Illuminate\\Foundation\\Bootstrap\\{closure}()
#2 /home/dcidev/CascadeProjects/tic.ci/vendor/laravel/framework/src/Illuminate/Filesystem/Filesystem.php(471): finfo_file()
#3 /home/dcidev/CascadeProjects/tic.ci/vendor/laravel/framework/src/Illuminate/Support/Facades/Facade.php(361): Illuminate\\Filesystem\\Filesystem->mimeType()
#4 /home/dcidev/CascadeProjects/tic.ci/storage/framework/views/532c15d9f95996cfa7a43f0b3ea904ec.php(7): Illuminate\\Support\\Facades\\Facade::__callStatic()
#5 /home/dcidev/CascadeProjects/tic.ci/vendor/laravel/framework/src/Illuminate/Foundation/helpers.php(784): Illuminate\\Filesystem\\Filesystem::{closure}()
#6 /home/dcidev/CascadeProjects/tic.ci/storage/framework/views/532c15d9f95996cfa7a43f0b3ea904ec.php(7): rescue()
#7 /home/dcidev/CascadeProjects/tic.ci/vendor/laravel/framework/src/Illuminate/Filesystem/Filesystem.php(123): require('...')
#8 /home/dcidev/CascadeProjects/tic.ci/vendor/laravel/framework/src/Illuminate/Filesystem/Filesystem.php(124): Illuminate\\Filesystem\\Filesystem::Illuminate\\Filesystem\\{closure}()
#9 /home/dcidev/CascadeProjects/tic.ci/vendor/laravel/framework/src/Illuminate/View/Engines/PhpEngine.php(57): Illuminate\\Filesystem\\Filesystem->getRequire()
#10 /home/dcidev/CascadeProjects/tic.ci/vendor/laravel/framework/src/Illuminate/View/Engines/CompilerEngine.php(74): Illuminate\\View\\Engines\\PhpEngine->evaluatePath()
#11 /home/dcidev/CascadeProjects/tic.ci/vendor/laravel/framework/src/Illuminate/View/View.php(208): Illuminate\\View\\Engines\\CompilerEngine->get()
#12 /home/dcidev/CascadeProjects/tic.ci/vendor/botble/shortcode/src/View/View.php(50): Illuminate\\View\\View->getContents()
#13 /home/dcidev/CascadeProjects/tic.ci/vendor/laravel/framework/src/Illuminate/View/View.php(160): Botble\\Shortcode\\View\\View->renderContents()
#14 /home/dcidev/CascadeProjects/tic.ci/vendor/botble/theme/src/Theme.php(843): Illuminate\\View\\View->render()
#15 /home/dcidev/CascadeProjects/tic.ci/vendor/laravel/framework/src/Illuminate/Support/Facades/Facade.php(361): Botble\\Theme\\Theme->header()
#16 /home/dcidev/CascadeProjects/tic.ci/storage/framework/views/bedc94567822b87816eb2310a9f789aa.php(63): Illuminate\\Support\\Facades\\Facade::__callStatic()
#17 /home/dcidev/CascadeProjects/tic.ci/vendor/laravel/framework/src/Illuminate/Filesystem/Filesystem.php(123): require('...')
#18 /home/dcidev/CascadeProjects/tic.ci/vendor/laravel/framework/src/Illuminate/Filesystem/Filesystem.php(124): Illuminate\\Filesystem\\Filesystem::Illuminate\\Filesystem\\{closure}()
#19 /home/dcidev/CascadeProjects/tic.ci/vendor/laravel/framework/src/Illuminate/View/Engines/PhpEngine.php(57): Illuminate\\Filesystem\\Filesystem->getRequire()
#20 /home/dcidev/CascadeProjects/tic.ci/vendor/laravel/framework/src/Illuminate/View/Engines/CompilerEngine.php(74): Illuminate\\View\\Engines\\PhpEngine->evaluatePath()
#21 /home/dcidev/CascadeProjects/tic.ci/vendor/laravel/framework/src/Illuminate/View/View.php(208): Illuminate\\View\\Engines\\CompilerEngine->get()
#22 /home/dcidev/CascadeProjects/tic.ci/vendor/botble/shortcode/src/View/View.php(50): Illuminate\\View\\View->getContents()
#23 /home/dcidev/CascadeProjects/tic.ci/vendor/laravel/framework/src/Illuminate/View/View.php(160): Botble\\Shortcode\\View\\View->renderContents()
#24 /home/dcidev/CascadeProjects/tic.ci/vendor/botble/theme/src/Theme.php(499): Illuminate\\View\\View->render()
#25 /home/dcidev/CascadeProjects/tic.ci/vendor/botble/theme/src/Theme.php(485): Botble\\Theme\\Theme->loadPartial()
#26 /home/dcidev/CascadeProjects/tic.ci/vendor/laravel/framework/src/Illuminate/Support/Facades/Facade.php(361): Botble\\Theme\\Theme->partial()
#27 /home/dcidev/CascadeProjects/tic.ci/storage/framework/views/43cd625018bfb199c57e3726a974c302.php(1): Illuminate\\Support\\Facades\\Facade::__callStatic()
#28 /home/dcidev/CascadeProjects/tic.ci/vendor/laravel/framework/src/Illuminate/Filesystem/Filesystem.php(123): require('...')
#29 /home/dcidev/CascadeProjects/tic.ci/vendor/laravel/framework/src/Illuminate/Filesystem/Filesystem.php(124): Illuminate\\Filesystem\\Filesystem::Illuminate\\Filesystem\\{closure}()
#30 /home/dcidev/CascadeProjects/tic.ci/vendor/laravel/framework/src/Illuminate/View/Engines/PhpEngine.php(57): Illuminate\\Filesystem\\Filesystem->getRequire()
#31 /home/dcidev/CascadeProjects/tic.ci/vendor/laravel/framework/src/Illuminate/View/Engines/CompilerEngine.php(74): Illuminate\\View\\Engines\\PhpEngine->evaluatePath()
#32 /home/dcidev/CascadeProjects/tic.ci/vendor/laravel/framework/src/Illuminate/View/View.php(208): Illuminate\\View\\Engines\\CompilerEngine->get()
#33 /home/dcidev/CascadeProjects/tic.ci/vendor/botble/shortcode/src/View/View.php(50): Illuminate\\View\\View->getContents()
#34 /home/dcidev/CascadeProjects/tic.ci/vendor/laravel/framework/src/Illuminate/View/View.php(160): Botble\\Shortcode\\View\\View->renderContents()
#35 /home/dcidev/CascadeProjects/tic.ci/vendor/botble/theme/src/Theme.php(794): Illuminate\\View\\View->render()
#36 /home/dcidev/CascadeProjects/tic.ci/vendor/botble/theme/src/Http/Controllers/PublicController.php(33): Botble\\Theme\\Theme->render()
#37 /home/dcidev/CascadeProjects/tic.ci/vendor/laravel/framework/src/Illuminate/Routing/Controller.php(54): Botble\\Theme\\Http\\Controllers\\PublicController->getIndex()
#38 /home/dcidev/CascadeProjects/tic.ci/vendor/laravel/framework/src/Illuminate/Routing/ControllerDispatcher.php(43): Illuminate\\Routing\\Controller->callAction()
#39 /home/dcidev/CascadeProjects/tic.ci/vendor/laravel/framework/src/Illuminate/Routing/Route.php(265): Illuminate\\Routing\\ControllerDispatcher->dispatch()
#40 /home/dcidev/CascadeProjects/tic.ci/vendor/laravel/framework/src/Illuminate/Routing/Route.php(211): Illuminate\\Routing\\Route->runController()
#41 /home/dcidev/CascadeProjects/tic.ci/vendor/laravel/framework/src/Illuminate/Routing/Router.php(808): Illuminate\\Routing\\Route->run()
#42 /home/dcidev/CascadeProjects/tic.ci/vendor/laravel/framework/src/Illuminate/Pipeline/Pipeline.php(169): Illuminate\\Routing\\Router->Illuminate\\Routing\\{closure}()
#43 /home/dcidev/CascadeProjects/tic.ci/platform/plugins/language/src/Http/Middleware/LocalizationRedirectFilter.php(53): Illuminate\\Pipeline\\Pipeline->Illuminate\\Pipeline\\{closure}()
#44 /home/dcidev/CascadeProjects/tic.ci/vendor/laravel/framework/src/Illuminate/Pipeline/Pipeline.php(208): Botble\\Language\\Http\\Middleware\\LocalizationRedirectFilter->handle()
#45 /home/dcidev/CascadeProjects/tic.ci/platform/plugins/language/src/Http/Middleware/LocaleSessionRedirect.php(81): Illuminate\\Pipeline\\Pipeline->Illuminate\\Pipeline\\{closure}()
#46 /home/dcidev/CascadeProjects/tic.ci/vendor/laravel/framework/src/Illuminate/Pipeline/Pipeline.php(208): Botble\\Language\\Http\\Middleware\\LocaleSessionRedirect->handle()
#47 /home/dcidev/CascadeProjects/tic.ci/vendor/botble/platform/base/src/Http/Middleware/CoreMiddleware.php(17): Illuminate\\Pipeline\\Pipeline->Illuminate\\Pipeline\\{closure}()
#48 /home/dcidev/CascadeProjects/tic.ci/vendor/laravel/framework/src/Illuminate/Pipeline/Pipeline.php(169): Botble\\Base\\Http\\Middleware\\CoreMiddleware->Botble\\Base\\Http\\Middleware\\{closure}()
#49 /home/dcidev/CascadeProjects/tic.ci/vendor/botble/platform/base/src/Http/Middleware/EnsureLicenseHasBeenActivated.php(25): Illuminate\\Pipeline\\Pipeline->Illuminate\\Pipeline\\{closure}()
#50 /home/dcidev/CascadeProjects/tic.ci/vendor/laravel/framework/src/Illuminate/Pipeline/Pipeline.php(208): Botble\\Base\\Http\\Middleware\\EnsureLicenseHasBeenActivated->handle()
#51 /home/dcidev/CascadeProjects/tic.ci/vendor/laravel/framework/src/Illuminate/Pipeline/Pipeline.php(126): Illuminate\\Pipeline\\Pipeline->Illuminate\\Pipeline\\{closure}()
#52 /home/dcidev/CascadeProjects/tic.ci/vendor/botble/platform/base/src/Http/Middleware/CoreMiddleware.php(16): Illuminate\\Pipeline\\Pipeline->then()
#53 /home/dcidev/CascadeProjects/tic.ci/vendor/laravel/framework/src/Illuminate/Pipeline/Pipeline.php(208): Botble\\Base\\Http\\Middleware\\CoreMiddleware->handle()
#54 /home/dcidev/CascadeProjects/tic.ci/platform/plugins/ecommerce/src/Http/Middleware/CaptureCouponMiddleware.php(21): Illuminate\\Pipeline\\Pipeline->Illuminate\\Pipeline\\{closure}()
#55 /home/dcidev/CascadeProjects/tic.ci/vendor/laravel/framework/src/Illuminate/Pipeline/Pipeline.php(208): Botble\\Ecommerce\\Http\\Middleware\\CaptureCouponMiddleware->handle()
#56 /home/dcidev/CascadeProjects/tic.ci/platform/plugins/ecommerce/src/Http/Middleware/CaptureFootprintsMiddleware.php(23): Illuminate\\Pipeline\\Pipeline->Illuminate\\Pipeline\\{closure}()
#57 /home/dcidev/CascadeProjects/tic.ci/vendor/laravel/framework/src/Illuminate/Pipeline/Pipeline.php(208): Botble\\Ecommerce\\Http\\Middleware\\CaptureFootprintsMiddleware->handle()
#58 /home/dcidev/CascadeProjects/tic.ci/vendor/botble/platform/base/src/Http/Middleware/HttpsProtocolMiddleware.php(16): Illuminate\\Pipeline\\Pipeline->Illuminate\\Pipeline\\{closure}()
#59 /home/dcidev/CascadeProjects/tic.ci/vendor/laravel/framework/src/Illuminate/Pipeline/Pipeline.php(208): Botble\\Base\\Http\\Middleware\\HttpsProtocolMiddleware->handle()
#60 /home/dcidev/CascadeProjects/tic.ci/vendor/botble/platform/base/src/Http/Middleware/AdminLocaleMiddleware.php(17): Illuminate\\Pipeline\\Pipeline->Illuminate\\Pipeline\\{closure}()
#61 /home/dcidev/CascadeProjects/tic.ci/vendor/laravel/framework/src/Illuminate/Pipeline/Pipeline.php(208): Botble\\Base\\Http\\Middleware\\AdminLocaleMiddleware->handle()
#62 /home/dcidev/CascadeProjects/tic.ci/vendor/botble/platform/base/src/Http/Middleware/LocaleMiddleware.php(29): Illuminate\\Pipeline\\Pipeline->Illuminate\\Pipeline\\{closure}()
#63 /home/dcidev/CascadeProjects/tic.ci/vendor/laravel/framework/src/Illuminate/Pipeline/Pipeline.php(208): Botble\\Base\\Http\\Middleware\\LocaleMiddleware->handle()
#64 /home/dcidev/CascadeProjects/tic.ci/vendor/botble/installer/src/Http/Middleware/RedirectIfNotInstalledMiddleware.php(17): Illuminate\\Pipeline\\Pipeline->Illuminate\\Pipeline\\{closure}()
#65 /home/dcidev/CascadeProjects/tic.ci/vendor/laravel/framework/src/Illuminate/Pipeline/Pipeline.php(208): Botble\\Installer\\Http\\Middleware\\RedirectIfNotInstalledMiddleware->handle()
#66 /home/dcidev/CascadeProjects/tic.ci/vendor/laravel/framework/src/Illuminate/Routing/Middleware/SubstituteBindings.php(50): Illuminate\\Pipeline\\Pipeline->Illuminate\\Pipeline\\{closure}()
#67 /home/dcidev/CascadeProjects/tic.ci/vendor/laravel/framework/src/Illuminate/Pipeline/Pipeline.php(208): Illuminate\\Routing\\Middleware\\SubstituteBindings->handle()
#68 /home/dcidev/CascadeProjects/tic.ci/vendor/laravel/framework/src/Illuminate/Foundation/Http/Middleware/VerifyCsrfToken.php(87): Illuminate\\Pipeline\\Pipeline->Illuminate\\Pipeline\\{closure}()
#69 /home/dcidev/CascadeProjects/tic.ci/vendor/laravel/framework/src/Illuminate/Pipeline/Pipeline.php(208): Illuminate\\Foundation\\Http\\Middleware\\VerifyCsrfToken->handle()
#70 /home/dcidev/CascadeProjects/tic.ci/vendor/laravel/framework/src/Illuminate/View/Middleware/ShareErrorsFromSession.php(48): Illuminate\\Pipeline\\Pipeline->Illuminate\\Pipeline\\{closure}()
#71 /home/dcidev/CascadeProjects/tic.ci/vendor/laravel/framework/src/Illuminate/Pipeline/Pipeline.php(208): Illuminate\\View\\Middleware\\ShareErrorsFromSession->handle()
#72 /home/dcidev/CascadeProjects/tic.ci/vendor/laravel/framework/src/Illuminate/Session/Middleware/StartSession.php(120): Illuminate\\Pipeline\\Pipeline->Illuminate\\Pipeline\\{closure}()
#73 /home/dcidev/CascadeProjects/tic.ci/vendor/laravel/framework/src/Illuminate/Session/Middleware/StartSession.php(63): Illuminate\\Session\\Middleware\\StartSession->handleStatefulRequest()
#74 /home/dcidev/CascadeProjects/tic.ci/vendor/laravel/framework/src/Illuminate/Pipeline/Pipeline.php(208): Illuminate\\Session\\Middleware\\StartSession->handle()
#75 /home/dcidev/CascadeProjects/tic.ci/vendor/laravel/framework/src/Illuminate/Cookie/Middleware/AddQueuedCookiesToResponse.php(36): Illuminate\\Pipeline\\Pipeline->Illuminate\\Pipeline\\{closure}()
#76 /home/dcidev/CascadeProjects/tic.ci/vendor/laravel/framework/src/Illuminate/Pipeline/Pipeline.php(208): Illuminate\\Cookie\\Middleware\\AddQueuedCookiesToResponse->handle()
#77 /home/dcidev/CascadeProjects/tic.ci/vendor/laravel/framework/src/Illuminate/Cookie/Middleware/EncryptCookies.php(74): Illuminate\\Pipeline\\Pipeline->Illuminate\\Pipeline\\{closure}()
#78 /home/dcidev/CascadeProjects/tic.ci/vendor/laravel/framework/src/Illuminate/Pipeline/Pipeline.php(208): Illuminate\\Cookie\\Middleware\\EncryptCookies->handle()
#79 /home/dcidev/CascadeProjects/tic.ci/vendor/laravel/framework/src/Illuminate/Pipeline/Pipeline.php(126): Illuminate\\Pipeline\\Pipeline->Illuminate\\Pipeline\\{closure}()
#80 /home/dcidev/CascadeProjects/tic.ci/vendor/laravel/framework/src/Illuminate/Routing/Router.php(807): Illuminate\\Pipeline\\Pipeline->then()
#81 /home/dcidev/CascadeProjects/tic.ci/vendor/laravel/framework/src/Illuminate/Routing/Router.php(786): Illuminate\\Routing\\Router->runRouteWithinStack()
#82 /home/dcidev/CascadeProjects/tic.ci/vendor/laravel/framework/src/Illuminate/Routing/Router.php(750): Illuminate\\Routing\\Router->runRoute()
#83 /home/dcidev/CascadeProjects/tic.ci/vendor/laravel/framework/src/Illuminate/Routing/Router.php(739): Illuminate\\Routing\\Router->dispatchToRoute()
#84 /home/dcidev/CascadeProjects/tic.ci/vendor/laravel/framework/src/Illuminate/Foundation/Http/Kernel.php(200): Illuminate\\Routing\\Router->dispatch()
#85 /home/dcidev/CascadeProjects/tic.ci/vendor/laravel/framework/src/Illuminate/Pipeline/Pipeline.php(169): Illuminate\\Foundation\\Http\\Kernel->Illuminate\\Foundation\\Http\\{closure}()
#86 /home/dcidev/CascadeProjects/tic.ci/vendor/botble/platform/js-validation/src/RemoteValidationMiddleware.php(43): Illuminate\\Pipeline\\Pipeline->Illuminate\\Pipeline\\{closure}()
#87 /home/dcidev/CascadeProjects/tic.ci/vendor/laravel/framework/src/Illuminate/Pipeline/Pipeline.php(208): Botble\\JsValidation\\RemoteValidationMiddleware->handle()
#88 /home/dcidev/CascadeProjects/tic.ci/vendor/laravel/framework/src/Illuminate/Foundation/Http/Middleware/TransformsRequest.php(21): Illuminate\\Pipeline\\Pipeline->Illuminate\\Pipeline\\{closure}()
#89 /home/dcidev/CascadeProjects/tic.ci/vendor/laravel/framework/src/Illuminate/Foundation/Http/Middleware/ConvertEmptyStringsToNull.php(31): Illuminate\\Foundation\\Http\\Middleware\\TransformsRequest->handle()
#90 /home/dcidev/CascadeProjects/tic.ci/vendor/laravel/framework/src/Illuminate/Pipeline/Pipeline.php(208): Illuminate\\Foundation\\Http\\Middleware\\ConvertEmptyStringsToNull->handle()
#91 /home/dcidev/CascadeProjects/tic.ci/vendor/laravel/framework/src/Illuminate/Foundation/Http/Middleware/TransformsRequest.php(21): Illuminate\\Pipeline\\Pipeline->Illuminate\\Pipeline\\{closure}()
#92 /home/dcidev/CascadeProjects/tic.ci/vendor/laravel/framework/src/Illuminate/Foundation/Http/Middleware/TrimStrings.php(51): Illuminate\\Foundation\\Http\\Middleware\\TransformsRequest->handle()
#93 /home/dcidev/CascadeProjects/tic.ci/vendor/laravel/framework/src/Illuminate/Pipeline/Pipeline.php(208): Illuminate\\Foundation\\Http\\Middleware\\TrimStrings->handle()
#94 /home/dcidev/CascadeProjects/tic.ci/vendor/laravel/framework/src/Illuminate/Http/Middleware/ValidatePostSize.php(27): Illuminate\\Pipeline\\Pipeline->Illuminate\\Pipeline\\{closure}()
#95 /home/dcidev/CascadeProjects/tic.ci/vendor/laravel/framework/src/Illuminate/Pipeline/Pipeline.php(208): Illuminate\\Http\\Middleware\\ValidatePostSize->handle()
#96 /home/dcidev/CascadeProjects/tic.ci/vendor/laravel/framework/src/Illuminate/Foundation/Http/Middleware/PreventRequestsDuringMaintenance.php(109): Illuminate\\Pipeline\\Pipeline->Illuminate\\Pipeline\\{closure}()
#97 /home/dcidev/CascadeProjects/tic.ci/vendor/laravel/framework/src/Illuminate/Pipeline/Pipeline.php(208): Illuminate\\Foundation\\Http\\Middleware\\PreventRequestsDuringMaintenance->handle()
#98 /home/dcidev/CascadeProjects/tic.ci/vendor/laravel/framework/src/Illuminate/Http/Middleware/HandleCors.php(48): Illuminate\\Pipeline\\Pipeline->Illuminate\\Pipeline\\{closure}()
#99 /home/dcidev/CascadeProjects/tic.ci/vendor/laravel/framework/src/Illuminate/Pipeline/Pipeline.php(208): Illuminate\\Http\\Middleware\\HandleCors->handle()
#100 /home/dcidev/CascadeProjects/tic.ci/vendor/laravel/framework/src/Illuminate/Http/Middleware/TrustProxies.php(58): Illuminate\\Pipeline\\Pipeline->Illuminate\\Pipeline\\{closure}()
#101 /home/dcidev/CascadeProjects/tic.ci/vendor/laravel/framework/src/Illuminate/Pipeline/Pipeline.php(208): Illuminate\\Http\\Middleware\\TrustProxies->handle()
#102 /home/dcidev/CascadeProjects/tic.ci/vendor/laravel/framework/src/Illuminate/Foundation/Http/Middleware/InvokeDeferredCallbacks.php(22): Illuminate\\Pipeline\\Pipeline->Illuminate\\Pipeline\\{closure}()
#103 /home/dcidev/CascadeProjects/tic.ci/vendor/laravel/framework/src/Illuminate/Pipeline/Pipeline.php(208): Illuminate\\Foundation\\Http\\Middleware\\InvokeDeferredCallbacks->handle()
#104 /home/dcidev/CascadeProjects/tic.ci/vendor/laravel/framework/src/Illuminate/Http/Middleware/ValidatePathEncoding.php(26): Illuminate\\Pipeline\\Pipeline->Illuminate\\Pipeline\\{closure}()
#105 /home/dcidev/CascadeProjects/tic.ci/vendor/laravel/framework/src/Illuminate/Pipeline/Pipeline.php(208): Illuminate\\Http\\Middleware\\ValidatePathEncoding->handle()
#106 /home/dcidev/CascadeProjects/tic.ci/vendor/laravel/framework/src/Illuminate/Pipeline/Pipeline.php(126): Illuminate\\Pipeline\\Pipeline->Illuminate\\Pipeline\\{closure}()
#107 /home/dcidev/CascadeProjects/tic.ci/vendor/laravel/framework/src/Illuminate/Foundation/Http/Kernel.php(175): Illuminate\\Pipeline\\Pipeline->then()
#108 /home/dcidev/CascadeProjects/tic.ci/vendor/laravel/framework/src/Illuminate/Foundation/Http/Kernel.php(144): Illuminate\\Foundation\\Http\\Kernel->sendRequestThroughRouter()
#109 /home/dcidev/CascadeProjects/tic.ci/public/index.php(23): Illuminate\\Foundation\\Http\\Kernel->handle()
#110 {main}
"} 
[2025-05-08 09:15:43] production.ERROR: finfo_file(/home/dcidev/CascadeProjects/tic.ci/storage/app/public/logo-sfw.png): Failed to open stream: No such file or directory {"userId":1,"exception":"[object] (ErrorException(code: 0): finfo_file(/home/dcidev/CascadeProjects/tic.ci/storage/app/public/logo-sfw.png): Failed to open stream: No such file or directory at /home/dcidev/CascadeProjects/tic.ci/vendor/laravel/framework/src/Illuminate/Filesystem/Filesystem.php:471)
[stacktrace]
#0 /home/dcidev/CascadeProjects/tic.ci/vendor/laravel/framework/src/Illuminate/Foundation/Bootstrap/HandleExceptions.php(256): Illuminate\\Foundation\\Bootstrap\\HandleExceptions->handleError()
#1 [internal function]: Illuminate\\Foundation\\Bootstrap\\HandleExceptions->Illuminate\\Foundation\\Bootstrap\\{closure}()
#2 /home/dcidev/CascadeProjects/tic.ci/vendor/laravel/framework/src/Illuminate/Filesystem/Filesystem.php(471): finfo_file()
#3 /home/dcidev/CascadeProjects/tic.ci/vendor/laravel/framework/src/Illuminate/Support/Facades/Facade.php(361): Illuminate\\Filesystem\\Filesystem->mimeType()
#4 /home/dcidev/CascadeProjects/tic.ci/storage/framework/views/532c15d9f95996cfa7a43f0b3ea904ec.php(7): Illuminate\\Support\\Facades\\Facade::__callStatic()
#5 /home/dcidev/CascadeProjects/tic.ci/vendor/laravel/framework/src/Illuminate/Foundation/helpers.php(784): Illuminate\\Filesystem\\Filesystem::{closure}()
#6 /home/dcidev/CascadeProjects/tic.ci/storage/framework/views/532c15d9f95996cfa7a43f0b3ea904ec.php(7): rescue()
#7 /home/dcidev/CascadeProjects/tic.ci/vendor/laravel/framework/src/Illuminate/Filesystem/Filesystem.php(123): require('...')
#8 /home/dcidev/CascadeProjects/tic.ci/vendor/laravel/framework/src/Illuminate/Filesystem/Filesystem.php(124): Illuminate\\Filesystem\\Filesystem::Illuminate\\Filesystem\\{closure}()
#9 /home/dcidev/CascadeProjects/tic.ci/vendor/laravel/framework/src/Illuminate/View/Engines/PhpEngine.php(57): Illuminate\\Filesystem\\Filesystem->getRequire()
#10 /home/dcidev/CascadeProjects/tic.ci/vendor/laravel/framework/src/Illuminate/View/Engines/CompilerEngine.php(74): Illuminate\\View\\Engines\\PhpEngine->evaluatePath()
#11 /home/dcidev/CascadeProjects/tic.ci/vendor/laravel/framework/src/Illuminate/View/View.php(208): Illuminate\\View\\Engines\\CompilerEngine->get()
#12 /home/dcidev/CascadeProjects/tic.ci/vendor/botble/shortcode/src/View/View.php(50): Illuminate\\View\\View->getContents()
#13 /home/dcidev/CascadeProjects/tic.ci/vendor/laravel/framework/src/Illuminate/View/View.php(160): Botble\\Shortcode\\View\\View->renderContents()
#14 /home/dcidev/CascadeProjects/tic.ci/vendor/botble/theme/src/Theme.php(843): Illuminate\\View\\View->render()
#15 /home/dcidev/CascadeProjects/tic.ci/vendor/laravel/framework/src/Illuminate/Support/Facades/Facade.php(361): Botble\\Theme\\Theme->header()
#16 /home/dcidev/CascadeProjects/tic.ci/storage/framework/views/bedc94567822b87816eb2310a9f789aa.php(63): Illuminate\\Support\\Facades\\Facade::__callStatic()
#17 /home/dcidev/CascadeProjects/tic.ci/vendor/laravel/framework/src/Illuminate/Filesystem/Filesystem.php(123): require('...')
#18 /home/dcidev/CascadeProjects/tic.ci/vendor/laravel/framework/src/Illuminate/Filesystem/Filesystem.php(124): Illuminate\\Filesystem\\Filesystem::Illuminate\\Filesystem\\{closure}()
#19 /home/dcidev/CascadeProjects/tic.ci/vendor/laravel/framework/src/Illuminate/View/Engines/PhpEngine.php(57): Illuminate\\Filesystem\\Filesystem->getRequire()
#20 /home/dcidev/CascadeProjects/tic.ci/vendor/laravel/framework/src/Illuminate/View/Engines/CompilerEngine.php(74): Illuminate\\View\\Engines\\PhpEngine->evaluatePath()
#21 /home/dcidev/CascadeProjects/tic.ci/vendor/laravel/framework/src/Illuminate/View/View.php(208): Illuminate\\View\\Engines\\CompilerEngine->get()
#22 /home/dcidev/CascadeProjects/tic.ci/vendor/botble/shortcode/src/View/View.php(50): Illuminate\\View\\View->getContents()
#23 /home/dcidev/CascadeProjects/tic.ci/vendor/laravel/framework/src/Illuminate/View/View.php(160): Botble\\Shortcode\\View\\View->renderContents()
#24 /home/dcidev/CascadeProjects/tic.ci/vendor/botble/theme/src/Theme.php(499): Illuminate\\View\\View->render()
#25 /home/dcidev/CascadeProjects/tic.ci/vendor/botble/theme/src/Theme.php(485): Botble\\Theme\\Theme->loadPartial()
#26 /home/dcidev/CascadeProjects/tic.ci/vendor/laravel/framework/src/Illuminate/Support/Facades/Facade.php(361): Botble\\Theme\\Theme->partial()
#27 /home/dcidev/CascadeProjects/tic.ci/storage/framework/views/43cd625018bfb199c57e3726a974c302.php(1): Illuminate\\Support\\Facades\\Facade::__callStatic()
#28 /home/dcidev/CascadeProjects/tic.ci/vendor/laravel/framework/src/Illuminate/Filesystem/Filesystem.php(123): require('...')
#29 /home/dcidev/CascadeProjects/tic.ci/vendor/laravel/framework/src/Illuminate/Filesystem/Filesystem.php(124): Illuminate\\Filesystem\\Filesystem::Illuminate\\Filesystem\\{closure}()
#30 /home/dcidev/CascadeProjects/tic.ci/vendor/laravel/framework/src/Illuminate/View/Engines/PhpEngine.php(57): Illuminate\\Filesystem\\Filesystem->getRequire()
#31 /home/dcidev/CascadeProjects/tic.ci/vendor/laravel/framework/src/Illuminate/View/Engines/CompilerEngine.php(74): Illuminate\\View\\Engines\\PhpEngine->evaluatePath()
#32 /home/dcidev/CascadeProjects/tic.ci/vendor/laravel/framework/src/Illuminate/View/View.php(208): Illuminate\\View\\Engines\\CompilerEngine->get()
#33 /home/dcidev/CascadeProjects/tic.ci/vendor/botble/shortcode/src/View/View.php(50): Illuminate\\View\\View->getContents()
#34 /home/dcidev/CascadeProjects/tic.ci/vendor/laravel/framework/src/Illuminate/View/View.php(160): Botble\\Shortcode\\View\\View->renderContents()
#35 /home/dcidev/CascadeProjects/tic.ci/vendor/botble/theme/src/Theme.php(794): Illuminate\\View\\View->render()
#36 /home/dcidev/CascadeProjects/tic.ci/vendor/botble/theme/src/Http/Controllers/PublicController.php(33): Botble\\Theme\\Theme->render()
#37 /home/dcidev/CascadeProjects/tic.ci/vendor/laravel/framework/src/Illuminate/Routing/Controller.php(54): Botble\\Theme\\Http\\Controllers\\PublicController->getIndex()
#38 /home/dcidev/CascadeProjects/tic.ci/vendor/laravel/framework/src/Illuminate/Routing/ControllerDispatcher.php(43): Illuminate\\Routing\\Controller->callAction()
#39 /home/dcidev/CascadeProjects/tic.ci/vendor/laravel/framework/src/Illuminate/Routing/Route.php(265): Illuminate\\Routing\\ControllerDispatcher->dispatch()
#40 /home/dcidev/CascadeProjects/tic.ci/vendor/laravel/framework/src/Illuminate/Routing/Route.php(211): Illuminate\\Routing\\Route->runController()
#41 /home/dcidev/CascadeProjects/tic.ci/vendor/laravel/framework/src/Illuminate/Routing/Router.php(808): Illuminate\\Routing\\Route->run()
#42 /home/dcidev/CascadeProjects/tic.ci/vendor/laravel/framework/src/Illuminate/Pipeline/Pipeline.php(169): Illuminate\\Routing\\Router->Illuminate\\Routing\\{closure}()
#43 /home/dcidev/CascadeProjects/tic.ci/platform/plugins/language/src/Http/Middleware/LocalizationRedirectFilter.php(53): Illuminate\\Pipeline\\Pipeline->Illuminate\\Pipeline\\{closure}()
#44 /home/dcidev/CascadeProjects/tic.ci/vendor/laravel/framework/src/Illuminate/Pipeline/Pipeline.php(208): Botble\\Language\\Http\\Middleware\\LocalizationRedirectFilter->handle()
#45 /home/dcidev/CascadeProjects/tic.ci/platform/plugins/language/src/Http/Middleware/LocaleSessionRedirect.php(81): Illuminate\\Pipeline\\Pipeline->Illuminate\\Pipeline\\{closure}()
#46 /home/dcidev/CascadeProjects/tic.ci/vendor/laravel/framework/src/Illuminate/Pipeline/Pipeline.php(208): Botble\\Language\\Http\\Middleware\\LocaleSessionRedirect->handle()
#47 /home/dcidev/CascadeProjects/tic.ci/vendor/botble/platform/base/src/Http/Middleware/CoreMiddleware.php(17): Illuminate\\Pipeline\\Pipeline->Illuminate\\Pipeline\\{closure}()
#48 /home/dcidev/CascadeProjects/tic.ci/vendor/laravel/framework/src/Illuminate/Pipeline/Pipeline.php(169): Botble\\Base\\Http\\Middleware\\CoreMiddleware->Botble\\Base\\Http\\Middleware\\{closure}()
#49 /home/dcidev/CascadeProjects/tic.ci/vendor/botble/platform/base/src/Http/Middleware/EnsureLicenseHasBeenActivated.php(25): Illuminate\\Pipeline\\Pipeline->Illuminate\\Pipeline\\{closure}()
#50 /home/dcidev/CascadeProjects/tic.ci/vendor/laravel/framework/src/Illuminate/Pipeline/Pipeline.php(208): Botble\\Base\\Http\\Middleware\\EnsureLicenseHasBeenActivated->handle()
#51 /home/dcidev/CascadeProjects/tic.ci/vendor/laravel/framework/src/Illuminate/Pipeline/Pipeline.php(126): Illuminate\\Pipeline\\Pipeline->Illuminate\\Pipeline\\{closure}()
#52 /home/dcidev/CascadeProjects/tic.ci/vendor/botble/platform/base/src/Http/Middleware/CoreMiddleware.php(16): Illuminate\\Pipeline\\Pipeline->then()
#53 /home/dcidev/CascadeProjects/tic.ci/vendor/laravel/framework/src/Illuminate/Pipeline/Pipeline.php(208): Botble\\Base\\Http\\Middleware\\CoreMiddleware->handle()
#54 /home/dcidev/CascadeProjects/tic.ci/platform/plugins/ecommerce/src/Http/Middleware/CaptureCouponMiddleware.php(21): Illuminate\\Pipeline\\Pipeline->Illuminate\\Pipeline\\{closure}()
#55 /home/dcidev/CascadeProjects/tic.ci/vendor/laravel/framework/src/Illuminate/Pipeline/Pipeline.php(208): Botble\\Ecommerce\\Http\\Middleware\\CaptureCouponMiddleware->handle()
#56 /home/dcidev/CascadeProjects/tic.ci/platform/plugins/ecommerce/src/Http/Middleware/CaptureFootprintsMiddleware.php(23): Illuminate\\Pipeline\\Pipeline->Illuminate\\Pipeline\\{closure}()
#57 /home/dcidev/CascadeProjects/tic.ci/vendor/laravel/framework/src/Illuminate/Pipeline/Pipeline.php(208): Botble\\Ecommerce\\Http\\Middleware\\CaptureFootprintsMiddleware->handle()
#58 /home/dcidev/CascadeProjects/tic.ci/vendor/botble/platform/base/src/Http/Middleware/HttpsProtocolMiddleware.php(16): Illuminate\\Pipeline\\Pipeline->Illuminate\\Pipeline\\{closure}()
#59 /home/dcidev/CascadeProjects/tic.ci/vendor/laravel/framework/src/Illuminate/Pipeline/Pipeline.php(208): Botble\\Base\\Http\\Middleware\\HttpsProtocolMiddleware->handle()
#60 /home/dcidev/CascadeProjects/tic.ci/vendor/botble/platform/base/src/Http/Middleware/AdminLocaleMiddleware.php(17): Illuminate\\Pipeline\\Pipeline->Illuminate\\Pipeline\\{closure}()
#61 /home/dcidev/CascadeProjects/tic.ci/vendor/laravel/framework/src/Illuminate/Pipeline/Pipeline.php(208): Botble\\Base\\Http\\Middleware\\AdminLocaleMiddleware->handle()
#62 /home/dcidev/CascadeProjects/tic.ci/vendor/botble/platform/base/src/Http/Middleware/LocaleMiddleware.php(29): Illuminate\\Pipeline\\Pipeline->Illuminate\\Pipeline\\{closure}()
#63 /home/dcidev/CascadeProjects/tic.ci/vendor/laravel/framework/src/Illuminate/Pipeline/Pipeline.php(208): Botble\\Base\\Http\\Middleware\\LocaleMiddleware->handle()
#64 /home/dcidev/CascadeProjects/tic.ci/vendor/botble/installer/src/Http/Middleware/RedirectIfNotInstalledMiddleware.php(17): Illuminate\\Pipeline\\Pipeline->Illuminate\\Pipeline\\{closure}()
#65 /home/dcidev/CascadeProjects/tic.ci/vendor/laravel/framework/src/Illuminate/Pipeline/Pipeline.php(208): Botble\\Installer\\Http\\Middleware\\RedirectIfNotInstalledMiddleware->handle()
#66 /home/dcidev/CascadeProjects/tic.ci/vendor/laravel/framework/src/Illuminate/Routing/Middleware/SubstituteBindings.php(50): Illuminate\\Pipeline\\Pipeline->Illuminate\\Pipeline\\{closure}()
#67 /home/dcidev/CascadeProjects/tic.ci/vendor/laravel/framework/src/Illuminate/Pipeline/Pipeline.php(208): Illuminate\\Routing\\Middleware\\SubstituteBindings->handle()
#68 /home/dcidev/CascadeProjects/tic.ci/vendor/laravel/framework/src/Illuminate/Foundation/Http/Middleware/VerifyCsrfToken.php(87): Illuminate\\Pipeline\\Pipeline->Illuminate\\Pipeline\\{closure}()
#69 /home/dcidev/CascadeProjects/tic.ci/vendor/laravel/framework/src/Illuminate/Pipeline/Pipeline.php(208): Illuminate\\Foundation\\Http\\Middleware\\VerifyCsrfToken->handle()
#70 /home/dcidev/CascadeProjects/tic.ci/vendor/laravel/framework/src/Illuminate/View/Middleware/ShareErrorsFromSession.php(48): Illuminate\\Pipeline\\Pipeline->Illuminate\\Pipeline\\{closure}()
#71 /home/dcidev/CascadeProjects/tic.ci/vendor/laravel/framework/src/Illuminate/Pipeline/Pipeline.php(208): Illuminate\\View\\Middleware\\ShareErrorsFromSession->handle()
#72 /home/dcidev/CascadeProjects/tic.ci/vendor/laravel/framework/src/Illuminate/Session/Middleware/StartSession.php(120): Illuminate\\Pipeline\\Pipeline->Illuminate\\Pipeline\\{closure}()
#73 /home/dcidev/CascadeProjects/tic.ci/vendor/laravel/framework/src/Illuminate/Session/Middleware/StartSession.php(63): Illuminate\\Session\\Middleware\\StartSession->handleStatefulRequest()
#74 /home/dcidev/CascadeProjects/tic.ci/vendor/laravel/framework/src/Illuminate/Pipeline/Pipeline.php(208): Illuminate\\Session\\Middleware\\StartSession->handle()
#75 /home/dcidev/CascadeProjects/tic.ci/vendor/laravel/framework/src/Illuminate/Cookie/Middleware/AddQueuedCookiesToResponse.php(36): Illuminate\\Pipeline\\Pipeline->Illuminate\\Pipeline\\{closure}()
#76 /home/dcidev/CascadeProjects/tic.ci/vendor/laravel/framework/src/Illuminate/Pipeline/Pipeline.php(208): Illuminate\\Cookie\\Middleware\\AddQueuedCookiesToResponse->handle()
#77 /home/dcidev/CascadeProjects/tic.ci/vendor/laravel/framework/src/Illuminate/Cookie/Middleware/EncryptCookies.php(74): Illuminate\\Pipeline\\Pipeline->Illuminate\\Pipeline\\{closure}()
#78 /home/dcidev/CascadeProjects/tic.ci/vendor/laravel/framework/src/Illuminate/Pipeline/Pipeline.php(208): Illuminate\\Cookie\\Middleware\\EncryptCookies->handle()
#79 /home/dcidev/CascadeProjects/tic.ci/vendor/laravel/framework/src/Illuminate/Pipeline/Pipeline.php(126): Illuminate\\Pipeline\\Pipeline->Illuminate\\Pipeline\\{closure}()
#80 /home/dcidev/CascadeProjects/tic.ci/vendor/laravel/framework/src/Illuminate/Routing/Router.php(807): Illuminate\\Pipeline\\Pipeline->then()
#81 /home/dcidev/CascadeProjects/tic.ci/vendor/laravel/framework/src/Illuminate/Routing/Router.php(786): Illuminate\\Routing\\Router->runRouteWithinStack()
#82 /home/dcidev/CascadeProjects/tic.ci/vendor/laravel/framework/src/Illuminate/Routing/Router.php(750): Illuminate\\Routing\\Router->runRoute()
#83 /home/dcidev/CascadeProjects/tic.ci/vendor/laravel/framework/src/Illuminate/Routing/Router.php(739): Illuminate\\Routing\\Router->dispatchToRoute()
#84 /home/dcidev/CascadeProjects/tic.ci/vendor/laravel/framework/src/Illuminate/Foundation/Http/Kernel.php(200): Illuminate\\Routing\\Router->dispatch()
#85 /home/dcidev/CascadeProjects/tic.ci/vendor/laravel/framework/src/Illuminate/Pipeline/Pipeline.php(169): Illuminate\\Foundation\\Http\\Kernel->Illuminate\\Foundation\\Http\\{closure}()
#86 /home/dcidev/CascadeProjects/tic.ci/vendor/botble/platform/js-validation/src/RemoteValidationMiddleware.php(43): Illuminate\\Pipeline\\Pipeline->Illuminate\\Pipeline\\{closure}()
#87 /home/dcidev/CascadeProjects/tic.ci/vendor/laravel/framework/src/Illuminate/Pipeline/Pipeline.php(208): Botble\\JsValidation\\RemoteValidationMiddleware->handle()
#88 /home/dcidev/CascadeProjects/tic.ci/vendor/laravel/framework/src/Illuminate/Foundation/Http/Middleware/TransformsRequest.php(21): Illuminate\\Pipeline\\Pipeline->Illuminate\\Pipeline\\{closure}()
#89 /home/dcidev/CascadeProjects/tic.ci/vendor/laravel/framework/src/Illuminate/Foundation/Http/Middleware/ConvertEmptyStringsToNull.php(31): Illuminate\\Foundation\\Http\\Middleware\\TransformsRequest->handle()
#90 /home/dcidev/CascadeProjects/tic.ci/vendor/laravel/framework/src/Illuminate/Pipeline/Pipeline.php(208): Illuminate\\Foundation\\Http\\Middleware\\ConvertEmptyStringsToNull->handle()
#91 /home/dcidev/CascadeProjects/tic.ci/vendor/laravel/framework/src/Illuminate/Foundation/Http/Middleware/TransformsRequest.php(21): Illuminate\\Pipeline\\Pipeline->Illuminate\\Pipeline\\{closure}()
#92 /home/dcidev/CascadeProjects/tic.ci/vendor/laravel/framework/src/Illuminate/Foundation/Http/Middleware/TrimStrings.php(51): Illuminate\\Foundation\\Http\\Middleware\\TransformsRequest->handle()
#93 /home/dcidev/CascadeProjects/tic.ci/vendor/laravel/framework/src/Illuminate/Pipeline/Pipeline.php(208): Illuminate\\Foundation\\Http\\Middleware\\TrimStrings->handle()
#94 /home/dcidev/CascadeProjects/tic.ci/vendor/laravel/framework/src/Illuminate/Http/Middleware/ValidatePostSize.php(27): Illuminate\\Pipeline\\Pipeline->Illuminate\\Pipeline\\{closure}()
#95 /home/dcidev/CascadeProjects/tic.ci/vendor/laravel/framework/src/Illuminate/Pipeline/Pipeline.php(208): Illuminate\\Http\\Middleware\\ValidatePostSize->handle()
#96 /home/dcidev/CascadeProjects/tic.ci/vendor/laravel/framework/src/Illuminate/Foundation/Http/Middleware/PreventRequestsDuringMaintenance.php(109): Illuminate\\Pipeline\\Pipeline->Illuminate\\Pipeline\\{closure}()
#97 /home/dcidev/CascadeProjects/tic.ci/vendor/laravel/framework/src/Illuminate/Pipeline/Pipeline.php(208): Illuminate\\Foundation\\Http\\Middleware\\PreventRequestsDuringMaintenance->handle()
#98 /home/dcidev/CascadeProjects/tic.ci/vendor/laravel/framework/src/Illuminate/Http/Middleware/HandleCors.php(48): Illuminate\\Pipeline\\Pipeline->Illuminate\\Pipeline\\{closure}()
#99 /home/dcidev/CascadeProjects/tic.ci/vendor/laravel/framework/src/Illuminate/Pipeline/Pipeline.php(208): Illuminate\\Http\\Middleware\\HandleCors->handle()
#100 /home/dcidev/CascadeProjects/tic.ci/vendor/laravel/framework/src/Illuminate/Http/Middleware/TrustProxies.php(58): Illuminate\\Pipeline\\Pipeline->Illuminate\\Pipeline\\{closure}()
#101 /home/dcidev/CascadeProjects/tic.ci/vendor/laravel/framework/src/Illuminate/Pipeline/Pipeline.php(208): Illuminate\\Http\\Middleware\\TrustProxies->handle()
#102 /home/dcidev/CascadeProjects/tic.ci/vendor/laravel/framework/src/Illuminate/Foundation/Http/Middleware/InvokeDeferredCallbacks.php(22): Illuminate\\Pipeline\\Pipeline->Illuminate\\Pipeline\\{closure}()
#103 /home/dcidev/CascadeProjects/tic.ci/vendor/laravel/framework/src/Illuminate/Pipeline/Pipeline.php(208): Illuminate\\Foundation\\Http\\Middleware\\InvokeDeferredCallbacks->handle()
#104 /home/dcidev/CascadeProjects/tic.ci/vendor/laravel/framework/src/Illuminate/Http/Middleware/ValidatePathEncoding.php(26): Illuminate\\Pipeline\\Pipeline->Illuminate\\Pipeline\\{closure}()
#105 /home/dcidev/CascadeProjects/tic.ci/vendor/laravel/framework/src/Illuminate/Pipeline/Pipeline.php(208): Illuminate\\Http\\Middleware\\ValidatePathEncoding->handle()
#106 /home/dcidev/CascadeProjects/tic.ci/vendor/laravel/framework/src/Illuminate/Pipeline/Pipeline.php(126): Illuminate\\Pipeline\\Pipeline->Illuminate\\Pipeline\\{closure}()
#107 /home/dcidev/CascadeProjects/tic.ci/vendor/laravel/framework/src/Illuminate/Foundation/Http/Kernel.php(175): Illuminate\\Pipeline\\Pipeline->then()
#108 /home/dcidev/CascadeProjects/tic.ci/vendor/laravel/framework/src/Illuminate/Foundation/Http/Kernel.php(144): Illuminate\\Foundation\\Http\\Kernel->sendRequestThroughRouter()
#109 /home/dcidev/CascadeProjects/tic.ci/public/index.php(23): Illuminate\\Foundation\\Http\\Kernel->handle()
#110 {main}
"} 
